<?xml version="1.0" encoding="UTF-8"?>
<!-- Generated by org.testng.reporters.JUnitXMLReporter -->
<testsuite hostname="CPX-4QBXQ7D1T6Q" ignored="0" name="Demo_DataDrivenTest_Basic" tests="3" failures="0" timestamp="16 Apr 2018 01:04:21 GMT" time="19.807" errors="0">
  <testcase name="testMercuryTours" time="9.495" classname="com.tests.NewTest3"/>
  <testcase name="testMercuryTours" time="1.707" classname="com.tests.NewTest3"/>
  <testcase name="testMercuryTours" time="1.764" classname="com.tests.NewTest3"/>
</testsuite> <!-- Demo_DataDrivenTest_Basic -->
