<?xml version="1.0" encoding="UTF-8"?>
<!-- Generated by org.testng.reporters.JUnitXMLReporter -->
<testsuite ignored="0" hostname="CPX-5UCKMCA0IMV" failures="0" tests="3" name="Demo_DataDrivenTest_Basic" time="16.394" errors="0" timestamp="08 Oct 2019 16:27:28 GMT">
  <testcase classname="com.tests.NewTest3" name="testMercuryTours" time="5.379"/>
  <testcase classname="com.tests.NewTest3" name="testMercuryTours" time="1.347"/>
  <testcase classname="com.tests.NewTest3" name="testMercuryTours" time="1.322"/>
</testsuite> <!-- Demo_DataDrivenTest_Basic -->
