<?xml version="1.0" encoding="UTF-8"?>
<!-- Generated by org.testng.reporters.JUnitXMLReporter -->
<testsuite hostname="CPX-4QBXQ7D1T6Q" ignored="0" name="Newtours" tests="3" failures="0" timestamp="16 Apr 2018 00:13:29 GMT" time="27.923" errors="0">
  <testcase name="testMercuryTours" time="14.322" classname="com.tests.NewTest3"/>
  <testcase name="testMercuryTours" time="1.871" classname="com.tests.NewTest3"/>
  <testcase name="testMercuryTours" time="1.881" classname="com.tests.NewTest3"/>
</testsuite> <!-- Newtours -->
