<?xml version="1.0" encoding="UTF-8"?>
<!-- Generated by org.testng.reporters.JUnitXMLReporter -->
<testsuite ignored="0" hostname="CPX-5UCKMCA0IMV" failures="0" tests="3" name="TestFunctionaCallBasic" time="0.056" errors="0" timestamp="08 Oct 2019 15:59:49 GMT">
  <testcase classname="com.tests.NewTest1" name="f" time="0.008"/>
  <testcase classname="com.tests.NewTest1" name="abc" time="0.002"/>
  <testcase classname="com.tests.NewTest1" name="xyz" time="0.004"/>
</testsuite> <!-- TestFunctionaCallBasic -->
