<?xml version="1.0" encoding="UTF-8"?>
<!-- Generated by org.testng.reporters.JUnitXMLReporter -->
<testsuite hostname="CPX-4QBXQ7D1T6Q" ignored="0" name="Demo_DataDrivenTest_Basic" tests="3" failures="0" timestamp="16 Apr 2018 05:50:40 GMT" time="35.345" errors="0">
  <testcase name="testMercuryTours" time="17.35" classname="com.tests.NewTest3"/>
  <testcase name="testMercuryTours" time="2.562" classname="com.tests.NewTest3"/>
  <testcase name="testMercuryTours" time="2.26" classname="com.tests.NewTest3"/>
</testsuite> <!-- Demo_DataDrivenTest_Basic -->
