<?xml version="1.0" encoding="UTF-8"?>
<!-- Generated by org.testng.reporters.JUnitXMLReporter -->
<testsuite hostname="CPX-4QBXQ7D1T6Q" ignored="0" name="DemoFunctionCalls_Basic" tests="3" failures="0" timestamp="16 Apr 2018 00:43:41 GMT" time="0.063" errors="0">
  <testcase name="f" time="0.0" classname="com.tests.NewTest1"/>
  <testcase name="abc" time="0.0" classname="com.tests.NewTest1"/>
  <testcase name="xyz" time="0.0" classname="com.tests.NewTest1"/>
</testsuite> <!-- DemoFunctionCalls_Basic -->
